MeshVase Slicer - Generation Log
============================================================

Model Information:
  Name: mesh
  Dimensions: 193.6 x 202.4 x 270.0 mm
  Triangles: 369156
  Bounds: Vector3(x=-99.7873, y=-100.075, z=0.0) to Vector3(x=93.8057, y=102.364, z=270.0)

Layer Statistics:
  total_layers: 449
  min_z: 0.6
  max_z: 269.4
  avg_diameter: 209.60472114373263
  min_diameter: 116.56355919163056
  max_diameter: 273.57464504691944
  avg_perimeter: 466.28177852728265

Configuration:
  [printer]
    build_volume: [220, 220, 280]
    nozzle_diameter: 1.0
    nozzle_temp: 240.0
    bed_temp: 65
    filament_diameter: 1.75
  [print_settings]
    layer_height: 0.6
    print_speed: 8.0
    travel_speed: 120.0
    fan_speed: 100
    max_volumetric_speed: 12.0
    purge_gap: 20.0
    purge_length: 50.0
    purge_side: left
    vase_mode: True
    spiral_points_per_degree: 1.2
    target_samples_per_wave: 16
    smoothing_window_size: 3
    smoothing_move_threshold: 0.5
    auto_resample_spiral: True
  [mesh_settings]
    wave_amplitude: 6.0
    wave_spacing: 4.0
    wave_count: 90
    wave_smoothness: 10
    wave_pattern: sine
    wave_asymmetry: False
    wave_asymmetry_intensity: 100
    layer_alternation: 2
    phase_offset: 50
    start_phase: random
    base_height: 28.0
    base_mode: fewer_gaps
    base_transition: exponential
    diameter_scaling: dynamic
    curvature_threshold_angle: 30
    curvature_threshold_distance: 10
    curvature_amplitude_reduction: 60
    curvature_frequency_reduction: 40
    transition_smoothness: medium
